INFO [2026-06-25 11:34:47] $x
INFO [2026-06-25 11:34:47] list(`HF (DEGÔłęmodule)` = setHF, `Sarcopenia (DEGÔłęmodule)` = setSAR)
INFO [2026-06-25 11:34:47] 
INFO [2026-06-25 11:34:47] $filename
INFO [2026-06-25 11:34:47] file.path(outdir, "venn_shared.png")
INFO [2026-06-25 11:34:47] 
INFO [2026-06-25 11:34:47] $imagetype
INFO [2026-06-25 11:34:47] [1] "png"
INFO [2026-06-25 11:34:47] 
INFO [2026-06-25 11:34:47] $height
INFO [2026-06-25 11:34:47] [1] 1400
INFO [2026-06-25 11:34:47] 
INFO [2026-06-25 11:34:47] $width
INFO [2026-06-25 11:34:47] [1] 1700
INFO [2026-06-25 11:34:47] 
INFO [2026-06-25 11:34:47] $resolution
INFO [2026-06-25 11:34:47] [1] 300
INFO [2026-06-25 11:34:47] 
INFO [2026-06-25 11:34:47] $fill
INFO [2026-06-25 11:34:47] c("tomato", "steelblue")
INFO [2026-06-25 11:34:47] 
INFO [2026-06-25 11:34:47] $alpha
INFO [2026-06-25 11:34:47] [1] 0.5
INFO [2026-06-25 11:34:47] 
INFO [2026-06-25 11:34:47] $cex
INFO [2026-06-25 11:34:47] [1] 1.4
INFO [2026-06-25 11:34:47] 
INFO [2026-06-25 11:34:47] $cat.cex
INFO [2026-06-25 11:34:47] [1] 1
INFO [2026-06-25 11:34:47] 
INFO [2026-06-25 11:34:47] $cat.pos
INFO [2026-06-25 11:34:47] c(-20, 20)
INFO [2026-06-25 11:34:47] 
INFO [2026-06-25 11:34:47] $margin
INFO [2026-06-25 11:34:47] [1] 0.12
INFO [2026-06-25 11:34:47] 
INFO [2026-06-25 11:34:47] $main
INFO [2026-06-25 11:34:47] [1] "Shared HF x sarcopenia genes"
INFO [2026-06-25 11:34:47] 
